[2021-06-15 10:35:39,838] SEVERE {b7a.log.crash} - null 
java.lang.NullPointerException
	at io.ballerina.runtime.internal.configurable.providers.cli.CliProvider.initialize(CliProvider.java:82)
	at io.ballerina.runtime.internal.configurable.ConfigResolver.resolveConfigs(ConfigResolver.java:72)
	at io.ballerina.runtime.internal.launch.LaunchUtils.initConfigurableVariables(LaunchUtils.java:164)
	at $ConfigurationMapper.$configureInit(Unknown Source)
	at $_init.main(.)
	at java.base/jdk.internal.reflect.NativeMethodAccessorImpl.invoke0(Native Method)
	at java.base/jdk.internal.reflect.NativeMethodAccessorImpl.invoke(NativeMethodAccessorImpl.java:62)
	at java.base/jdk.internal.reflect.DelegatingMethodAccessorImpl.invoke(DelegatingMethodAccessorImpl.java:43)
	at java.base/java.lang.reflect.Method.invoke(Method.java:566)
	at Invoke.main(Invoke.java:35)
 
[2021-06-15 11:02:52,259] SEVERE {b7a.log.crash} - null 
java.lang.NullPointerException
	at io.ballerina.runtime.internal.configurable.providers.cli.CliProvider.initialize(CliProvider.java:82)
	at io.ballerina.runtime.internal.configurable.ConfigResolver.resolveConfigs(ConfigResolver.java:72)
	at io.ballerina.runtime.internal.launch.LaunchUtils.initConfigurableVariables(LaunchUtils.java:164)
	at $ConfigurationMapper.$configureInit(Unknown Source)
	at $_init.main(.)
	at java.base/jdk.internal.reflect.NativeMethodAccessorImpl.invoke0(Native Method)
	at java.base/jdk.internal.reflect.NativeMethodAccessorImpl.invoke(NativeMethodAccessorImpl.java:62)
	at java.base/jdk.internal.reflect.DelegatingMethodAccessorImpl.invoke(DelegatingMethodAccessorImpl.java:43)
	at java.base/java.lang.reflect.Method.invoke(Method.java:566)
	at Invoke.main(Invoke.java:35)
 
[2021-06-15 11:42:40,884] SEVERE {b7a.log.crash} - null 
java.lang.NullPointerException
	at io.ballerina.runtime.internal.types.BUnionType.setFlagsBasedOnMembers(BUnionType.java:235)
	at io.ballerina.runtime.internal.types.BUnionType.setMemberTypes(BUnionType.java:178)
	at io.ballerina.runtime.internal.types.BUnionType.<init>(BUnionType.java:143)
	at nballerina.compile(nballerina.bal:4)
	at java.base/jdk.internal.reflect.NativeMethodAccessorImpl.invoke0(Native Method)
	at java.base/jdk.internal.reflect.NativeMethodAccessorImpl.invoke(NativeMethodAccessorImpl.java:62)
	at java.base/jdk.internal.reflect.DelegatingMethodAccessorImpl.invoke(DelegatingMethodAccessorImpl.java:43)
	at java.base/java.lang.reflect.Method.invoke(Method.java:566)
	at Invoke.lambda$main$0(Invoke.java:41)
	at io.ballerina.runtime.internal.scheduling.SchedulerItem.execute(Scheduler.java:597)
	at io.ballerina.runtime.internal.scheduling.Scheduler.run(Scheduler.java:327)
	at io.ballerina.runtime.internal.scheduling.Scheduler.runSafely(Scheduler.java:295)
	at java.base/java.lang.Thread.run(Thread.java:829)
 
[2021-06-15 12:27:19,787] SEVERE {b7a.log.crash} - null 
java.lang.NullPointerException
	at io.ballerina.runtime.internal.types.BUnionType.setFlagsBasedOnMembers(BUnionType.java:235)
	at io.ballerina.runtime.internal.types.BUnionType.setMemberTypes(BUnionType.java:178)
	at io.ballerina.runtime.internal.types.BUnionType.<init>(BUnionType.java:143)
	at nballerina.compile(nballerina.bal:4)
	at java.base/jdk.internal.reflect.NativeMethodAccessorImpl.invoke0(Native Method)
	at java.base/jdk.internal.reflect.NativeMethodAccessorImpl.invoke(NativeMethodAccessorImpl.java:62)
	at java.base/jdk.internal.reflect.DelegatingMethodAccessorImpl.invoke(DelegatingMethodAccessorImpl.java:43)
	at java.base/java.lang.reflect.Method.invoke(Method.java:566)
	at Invoke.lambda$main$0(Invoke.java:41)
	at io.ballerina.runtime.internal.scheduling.SchedulerItem.execute(Scheduler.java:597)
	at io.ballerina.runtime.internal.scheduling.Scheduler.run(Scheduler.java:327)
	at io.ballerina.runtime.internal.scheduling.Scheduler.runSafely(Scheduler.java:295)
	at java.base/java.lang.Thread.run(Thread.java:829)
 
[2021-06-15 16:57:02,447] SEVERE {b7a.log.crash} - null 
java.lang.NullPointerException
	at io.ballerina.runtime.internal.types.BUnionType.setFlagsBasedOnMembers(BUnionType.java:235)
	at io.ballerina.runtime.internal.types.BUnionType.setMemberTypes(BUnionType.java:178)
	at io.ballerina.runtime.internal.types.BUnionType.<init>(BUnionType.java:143)
	at nballerina.compile(nballerina.bal:4)
	at java.base/jdk.internal.reflect.NativeMethodAccessorImpl.invoke0(Native Method)
	at java.base/jdk.internal.reflect.NativeMethodAccessorImpl.invoke(NativeMethodAccessorImpl.java:62)
	at java.base/jdk.internal.reflect.DelegatingMethodAccessorImpl.invoke(DelegatingMethodAccessorImpl.java:43)
	at java.base/java.lang.reflect.Method.invoke(Method.java:566)
	at Invoke.lambda$main$0(Invoke.java:41)
	at io.ballerina.runtime.internal.scheduling.SchedulerItem.execute(Scheduler.java:597)
	at io.ballerina.runtime.internal.scheduling.Scheduler.run(Scheduler.java:327)
	at io.ballerina.runtime.internal.scheduling.Scheduler.runSafely(Scheduler.java:295)
	at java.base/java.lang.Thread.run(Thread.java:829)
 
[2021-06-16 09:47:05,057] SEVERE {b7a.log.crash} - null 
java.lang.NullPointerException
	at io.ballerina.runtime.internal.types.BUnionType.setFlagsBasedOnMembers(BUnionType.java:235)
	at io.ballerina.runtime.internal.types.BUnionType.setMemberTypes(BUnionType.java:178)
	at io.ballerina.runtime.internal.types.BUnionType.<init>(BUnionType.java:143)
	at nballerina.compile(nballerina.bal:4)
	at java.base/jdk.internal.reflect.NativeMethodAccessorImpl.invoke0(Native Method)
	at java.base/jdk.internal.reflect.NativeMethodAccessorImpl.invoke(NativeMethodAccessorImpl.java:62)
	at java.base/jdk.internal.reflect.DelegatingMethodAccessorImpl.invoke(DelegatingMethodAccessorImpl.java:43)
	at java.base/java.lang.reflect.Method.invoke(Method.java:566)
	at Invoke.lambda$main$0(Invoke.java:41)
	at io.ballerina.runtime.internal.scheduling.SchedulerItem.execute(Scheduler.java:597)
	at io.ballerina.runtime.internal.scheduling.Scheduler.run(Scheduler.java:327)
	at io.ballerina.runtime.internal.scheduling.Scheduler.runSafely(Scheduler.java:295)
	at java.base/java.lang.Thread.run(Thread.java:829)
 
[2021-06-21 07:26:31,852] SEVERE {b7a.log.crash} - null 
java.lang.NullPointerException
	at io.ballerina.runtime.internal.types.BUnionType.setFlagsBasedOnMembers(BUnionType.java:235)
	at io.ballerina.runtime.internal.types.BUnionType.setMemberTypes(BUnionType.java:178)
	at io.ballerina.runtime.internal.types.BUnionType.<init>(BUnionType.java:143)
	at nballerina.compile(nballerina.bal:4)
	at java.base/jdk.internal.reflect.NativeMethodAccessorImpl.invoke0(Native Method)
	at java.base/jdk.internal.reflect.NativeMethodAccessorImpl.invoke(NativeMethodAccessorImpl.java:62)
	at java.base/jdk.internal.reflect.DelegatingMethodAccessorImpl.invoke(DelegatingMethodAccessorImpl.java:43)
	at java.base/java.lang.reflect.Method.invoke(Method.java:566)
	at Invoke.lambda$main$0(Invoke.java:41)
	at io.ballerina.runtime.internal.scheduling.SchedulerItem.execute(Scheduler.java:597)
	at io.ballerina.runtime.internal.scheduling.Scheduler.run(Scheduler.java:327)
	at io.ballerina.runtime.internal.scheduling.Scheduler.runSafely(Scheduler.java:295)
	at java.base/java.lang.Thread.run(Thread.java:829)
 
[2021-06-21 07:49:10,289] SEVERE {b7a.log.crash} - null 
java.lang.NullPointerException
	at io.ballerina.runtime.internal.types.BUnionType.setFlagsBasedOnMembers(BUnionType.java:235)
	at io.ballerina.runtime.internal.types.BUnionType.setMemberTypes(BUnionType.java:178)
	at io.ballerina.runtime.internal.types.BUnionType.<init>(BUnionType.java:143)
	at nballerina.compile(nballerina.bal:4)
	at java.base/jdk.internal.reflect.NativeMethodAccessorImpl.invoke0(Native Method)
	at java.base/jdk.internal.reflect.NativeMethodAccessorImpl.invoke(NativeMethodAccessorImpl.java:62)
	at java.base/jdk.internal.reflect.DelegatingMethodAccessorImpl.invoke(DelegatingMethodAccessorImpl.java:43)
	at java.base/java.lang.reflect.Method.invoke(Method.java:566)
	at Invoke.lambda$main$0(Invoke.java:42)
	at io.ballerina.runtime.internal.scheduling.SchedulerItem.execute(Scheduler.java:597)
	at io.ballerina.runtime.internal.scheduling.Scheduler.run(Scheduler.java:327)
	at io.ballerina.runtime.internal.scheduling.Scheduler.runSafely(Scheduler.java:295)
	at java.base/java.lang.Thread.run(Thread.java:829)
 
[2021-06-21 08:12:19,675] SEVERE {b7a.log.crash} - null 
java.lang.NullPointerException
	at io.ballerina.runtime.internal.types.BUnionType.setFlagsBasedOnMembers(BUnionType.java:235)
	at io.ballerina.runtime.internal.types.BUnionType.setMemberTypes(BUnionType.java:178)
	at io.ballerina.runtime.internal.types.BUnionType.<init>(BUnionType.java:143)
	at nballerina.compile(nballerina.bal:4)
	at java.base/jdk.internal.reflect.NativeMethodAccessorImpl.invoke0(Native Method)
	at java.base/jdk.internal.reflect.NativeMethodAccessorImpl.invoke(NativeMethodAccessorImpl.java:62)
	at java.base/jdk.internal.reflect.DelegatingMethodAccessorImpl.invoke(DelegatingMethodAccessorImpl.java:43)
	at java.base/java.lang.reflect.Method.invoke(Method.java:566)
	at Invoke.lambda$main$0(Invoke.java:45)
	at io.ballerina.runtime.internal.scheduling.SchedulerItem.execute(Scheduler.java:597)
	at io.ballerina.runtime.internal.scheduling.Scheduler.run(Scheduler.java:327)
	at io.ballerina.runtime.internal.scheduling.Scheduler.runSafely(Scheduler.java:295)
	at java.base/java.lang.Thread.run(Thread.java:829)
 
[2021-06-21 08:13:28,986] SEVERE {b7a.log.crash} - null 
java.lang.NullPointerException
	at io.ballerina.runtime.internal.types.BUnionType.setFlagsBasedOnMembers(BUnionType.java:235)
	at io.ballerina.runtime.internal.types.BUnionType.setMemberTypes(BUnionType.java:178)
	at io.ballerina.runtime.internal.types.BUnionType.<init>(BUnionType.java:143)
	at nballerina.compile(nballerina.bal:4)
	at java.base/jdk.internal.reflect.NativeMethodAccessorImpl.invoke0(Native Method)
	at java.base/jdk.internal.reflect.NativeMethodAccessorImpl.invoke(NativeMethodAccessorImpl.java:62)
	at java.base/jdk.internal.reflect.DelegatingMethodAccessorImpl.invoke(DelegatingMethodAccessorImpl.java:43)
	at java.base/java.lang.reflect.Method.invoke(Method.java:566)
	at Invoke.lambda$main$0(Invoke.java:45)
	at io.ballerina.runtime.internal.scheduling.SchedulerItem.execute(Scheduler.java:597)
	at io.ballerina.runtime.internal.scheduling.Scheduler.run(Scheduler.java:327)
	at io.ballerina.runtime.internal.scheduling.Scheduler.runSafely(Scheduler.java:295)
	at java.base/java.lang.Thread.run(Thread.java:829)
 
[2021-06-21 08:20:44,204] SEVERE {b7a.log.crash} - null 
java.lang.NullPointerException
	at io.ballerina.runtime.internal.types.BUnionType.setFlagsBasedOnMembers(BUnionType.java:235)
	at io.ballerina.runtime.internal.types.BUnionType.setMemberTypes(BUnionType.java:178)
	at io.ballerina.runtime.internal.types.BUnionType.<init>(BUnionType.java:143)
	at nballerina.compile(nballerina.bal:4)
	at java.base/jdk.internal.reflect.NativeMethodAccessorImpl.invoke0(Native Method)
	at java.base/jdk.internal.reflect.NativeMethodAccessorImpl.invoke(NativeMethodAccessorImpl.java:62)
	at java.base/jdk.internal.reflect.DelegatingMethodAccessorImpl.invoke(DelegatingMethodAccessorImpl.java:43)
	at java.base/java.lang.reflect.Method.invoke(Method.java:566)
	at Invoke.lambda$main$0(Invoke.java:45)
	at io.ballerina.runtime.internal.scheduling.SchedulerItem.execute(Scheduler.java:597)
	at io.ballerina.runtime.internal.scheduling.Scheduler.run(Scheduler.java:327)
	at io.ballerina.runtime.internal.scheduling.Scheduler.runSafely(Scheduler.java:295)
	at java.base/java.lang.Thread.run(Thread.java:829)
 
[2021-06-21 09:03:02,335] SEVERE {b7a.log.crash} - null 
java.lang.NullPointerException
	at io.ballerina.runtime.internal.types.BUnionType.setFlagsBasedOnMembers(BUnionType.java:235)
	at io.ballerina.runtime.internal.types.BUnionType.setMemberTypes(BUnionType.java:178)
	at io.ballerina.runtime.internal.types.BUnionType.<init>(BUnionType.java:143)
	at nballerina.compile(nballerina.bal:4)
	at java.base/jdk.internal.reflect.NativeMethodAccessorImpl.invoke0(Native Method)
	at java.base/jdk.internal.reflect.NativeMethodAccessorImpl.invoke(NativeMethodAccessorImpl.java:62)
	at java.base/jdk.internal.reflect.DelegatingMethodAccessorImpl.invoke(DelegatingMethodAccessorImpl.java:43)
	at java.base/java.lang.reflect.Method.invoke(Method.java:566)
	at Invoke.lambda$main$0(Invoke.java:45)
	at io.ballerina.runtime.internal.scheduling.SchedulerItem.execute(Scheduler.java:597)
	at io.ballerina.runtime.internal.scheduling.Scheduler.run(Scheduler.java:327)
	at io.ballerina.runtime.internal.scheduling.Scheduler.runSafely(Scheduler.java:295)
	at java.base/java.lang.Thread.run(Thread.java:829)
 
[2021-06-21 09:29:03,947] SEVERE {b7a.log.crash} - null 
java.lang.NullPointerException
	at io.ballerina.runtime.internal.types.BUnionType.setFlagsBasedOnMembers(BUnionType.java:235)
	at io.ballerina.runtime.internal.types.BUnionType.setMemberTypes(BUnionType.java:178)
	at io.ballerina.runtime.internal.types.BUnionType.<init>(BUnionType.java:143)
	at nballerina.compile(nballerina.bal:4)
	at java.base/jdk.internal.reflect.NativeMethodAccessorImpl.invoke0(Native Method)
	at java.base/jdk.internal.reflect.NativeMethodAccessorImpl.invoke(NativeMethodAccessorImpl.java:62)
	at java.base/jdk.internal.reflect.DelegatingMethodAccessorImpl.invoke(DelegatingMethodAccessorImpl.java:43)
	at java.base/java.lang.reflect.Method.invoke(Method.java:566)
	at Invoke.lambda$main$0(Invoke.java:45)
	at io.ballerina.runtime.internal.scheduling.SchedulerItem.execute(Scheduler.java:597)
	at io.ballerina.runtime.internal.scheduling.Scheduler.run(Scheduler.java:327)
	at io.ballerina.runtime.internal.scheduling.Scheduler.runSafely(Scheduler.java:295)
	at java.base/java.lang.Thread.run(Thread.java:829)
 
[2021-06-21 09:52:55,997] SEVERE {b7a.log.crash} - null 
java.lang.NullPointerException
	at io.ballerina.runtime.internal.types.BUnionType.setFlagsBasedOnMembers(BUnionType.java:235)
	at io.ballerina.runtime.internal.types.BUnionType.setMemberTypes(BUnionType.java:178)
	at io.ballerina.runtime.internal.types.BUnionType.<init>(BUnionType.java:143)
	at nballerina.compile(nballerina.bal:4)
	at java.base/jdk.internal.reflect.NativeMethodAccessorImpl.invoke0(Native Method)
	at java.base/jdk.internal.reflect.NativeMethodAccessorImpl.invoke(NativeMethodAccessorImpl.java:62)
	at java.base/jdk.internal.reflect.DelegatingMethodAccessorImpl.invoke(DelegatingMethodAccessorImpl.java:43)
	at java.base/java.lang.reflect.Method.invoke(Method.java:566)
	at Invoke.lambda$main$0(Invoke.java:45)
	at io.ballerina.runtime.internal.scheduling.SchedulerItem.execute(Scheduler.java:597)
	at io.ballerina.runtime.internal.scheduling.Scheduler.run(Scheduler.java:327)
	at io.ballerina.runtime.internal.scheduling.Scheduler.runSafely(Scheduler.java:295)
	at java.base/java.lang.Thread.run(Thread.java:829)
 
[2021-06-21 10:02:01,350] SEVERE {b7a.log.crash} - null 
java.lang.NullPointerException
	at io.ballerina.runtime.internal.types.BUnionType.setFlagsBasedOnMembers(BUnionType.java:235)
	at io.ballerina.runtime.internal.types.BUnionType.setMemberTypes(BUnionType.java:178)
	at io.ballerina.runtime.internal.types.BUnionType.<init>(BUnionType.java:143)
	at nballerina.compile(nballerina.bal:4)
	at java.base/jdk.internal.reflect.NativeMethodAccessorImpl.invoke0(Native Method)
	at java.base/jdk.internal.reflect.NativeMethodAccessorImpl.invoke(NativeMethodAccessorImpl.java:62)
	at java.base/jdk.internal.reflect.DelegatingMethodAccessorImpl.invoke(DelegatingMethodAccessorImpl.java:43)
	at java.base/java.lang.reflect.Method.invoke(Method.java:566)
	at Invoke.lambda$main$1(Invoke.java:68)
	at io.ballerina.runtime.internal.scheduling.SchedulerItem.execute(Scheduler.java:597)
	at io.ballerina.runtime.internal.scheduling.Scheduler.run(Scheduler.java:327)
	at io.ballerina.runtime.internal.scheduling.Scheduler.runSafely(Scheduler.java:295)
	at java.base/java.lang.Thread.run(Thread.java:829)
 
[2021-06-21 10:02:01,389] SEVERE {b7a.log.crash} - null 
java.lang.NullPointerException
	at io.ballerina.runtime.internal.types.BUnionType.setFlagsBasedOnMembers(BUnionType.java:235)
	at io.ballerina.runtime.internal.types.BUnionType.setMemberTypes(BUnionType.java:178)
	at io.ballerina.runtime.internal.types.BUnionType.<init>(BUnionType.java:143)
	at ballerina.io.0_6_0-beta_1.$_init.$gen$$0046$0060init$0062(io:1)
	at $_init.$moduleInit(.)
	at java.base/jdk.internal.reflect.NativeMethodAccessorImpl.invoke0(Native Method)
	at java.base/jdk.internal.reflect.NativeMethodAccessorImpl.invoke(NativeMethodAccessorImpl.java:62)
	at java.base/jdk.internal.reflect.DelegatingMethodAccessorImpl.invoke(DelegatingMethodAccessorImpl.java:43)
	at java.base/java.lang.reflect.Method.invoke(Method.java:566)
	at Invoke.lambda$main$0(Invoke.java:44)
	at io.ballerina.runtime.internal.scheduling.SchedulerItem.execute(Scheduler.java:597)
	at io.ballerina.runtime.internal.scheduling.Scheduler.run(Scheduler.java:327)
	at io.ballerina.runtime.internal.scheduling.Scheduler.runSafely(Scheduler.java:295)
	at java.base/java.lang.Thread.run(Thread.java:829)
 
[2021-06-21 10:02:50,474] SEVERE {b7a.log.crash} - null 
java.lang.NullPointerException
	at io.ballerina.runtime.internal.types.BUnionType.setFlagsBasedOnMembers(BUnionType.java:235)
	at io.ballerina.runtime.internal.types.BUnionType.setMemberTypes(BUnionType.java:178)
	at io.ballerina.runtime.internal.types.BUnionType.<init>(BUnionType.java:143)
	at ballerina.io.0_6_0-beta_1.$_init.$gen$$0046$0060init$0062(io:1)
	at $_init.$moduleInit(.)
	at java.base/jdk.internal.reflect.NativeMethodAccessorImpl.invoke0(Native Method)
	at java.base/jdk.internal.reflect.NativeMethodAccessorImpl.invoke(NativeMethodAccessorImpl.java:62)
	at java.base/jdk.internal.reflect.DelegatingMethodAccessorImpl.invoke(DelegatingMethodAccessorImpl.java:43)
	at java.base/java.lang.reflect.Method.invoke(Method.java:566)
	at Invoke.lambda$main$0(Invoke.java:44)
	at io.ballerina.runtime.internal.scheduling.SchedulerItem.execute(Scheduler.java:597)
	at io.ballerina.runtime.internal.scheduling.Scheduler.run(Scheduler.java:327)
	at io.ballerina.runtime.internal.scheduling.Scheduler.runSafely(Scheduler.java:295)
	at java.base/java.lang.Thread.run(Thread.java:829)
 
[2021-06-21 10:02:50,503] SEVERE {b7a.log.crash} - null 
java.lang.NullPointerException
	at io.ballerina.runtime.internal.types.BUnionType.setFlagsBasedOnMembers(BUnionType.java:235)
	at io.ballerina.runtime.internal.types.BUnionType.setMemberTypes(BUnionType.java:178)
	at io.ballerina.runtime.internal.types.BUnionType.<init>(BUnionType.java:143)
	at nballerina.compile(nballerina.bal:4)
	at java.base/jdk.internal.reflect.NativeMethodAccessorImpl.invoke0(Native Method)
	at java.base/jdk.internal.reflect.NativeMethodAccessorImpl.invoke(NativeMethodAccessorImpl.java:62)
	at java.base/jdk.internal.reflect.DelegatingMethodAccessorImpl.invoke(DelegatingMethodAccessorImpl.java:43)
	at java.base/java.lang.reflect.Method.invoke(Method.java:566)
	at Invoke.lambda$main$1(Invoke.java:68)
	at io.ballerina.runtime.internal.scheduling.SchedulerItem.execute(Scheduler.java:597)
	at io.ballerina.runtime.internal.scheduling.Scheduler.run(Scheduler.java:327)
	at io.ballerina.runtime.internal.scheduling.Scheduler.runSafely(Scheduler.java:295)
	at java.base/java.lang.Thread.run(Thread.java:829)
 
[2021-06-21 10:15:33,126] SEVERE {b7a.log.crash} - null 
java.lang.NullPointerException
	at io.ballerina.runtime.internal.types.BUnionType.setFlagsBasedOnMembers(BUnionType.java:235)
	at io.ballerina.runtime.internal.types.BUnionType.setMemberTypes(BUnionType.java:178)
	at io.ballerina.runtime.internal.types.BUnionType.<init>(BUnionType.java:143)
	at ballerina.io.0_6_0-beta_1.$_init.$gen$$0046$0060init$0062(io:1)
	at $_init.$moduleInit(.)
	at java.base/jdk.internal.reflect.NativeMethodAccessorImpl.invoke0(Native Method)
	at java.base/jdk.internal.reflect.NativeMethodAccessorImpl.invoke(NativeMethodAccessorImpl.java:62)
	at java.base/jdk.internal.reflect.DelegatingMethodAccessorImpl.invoke(DelegatingMethodAccessorImpl.java:43)
	at java.base/java.lang.reflect.Method.invoke(Method.java:566)
	at Invoke.lambda$createFunc$0(Invoke.java:71)
	at io.ballerina.runtime.internal.scheduling.SchedulerItem.execute(Scheduler.java:597)
	at io.ballerina.runtime.internal.scheduling.Scheduler.run(Scheduler.java:327)
	at io.ballerina.runtime.internal.scheduling.Scheduler.runSafely(Scheduler.java:295)
	at java.base/java.lang.Thread.run(Thread.java:829)
 
[2021-06-21 10:15:33,154] SEVERE {b7a.log.crash} - null 
java.lang.NullPointerException
	at io.ballerina.runtime.internal.types.BUnionType.setFlagsBasedOnMembers(BUnionType.java:235)
	at io.ballerina.runtime.internal.types.BUnionType.setMemberTypes(BUnionType.java:178)
	at io.ballerina.runtime.internal.types.BUnionType.<init>(BUnionType.java:143)
	at nballerina.compile(nballerina.bal:4)
	at java.base/jdk.internal.reflect.NativeMethodAccessorImpl.invoke0(Native Method)
	at java.base/jdk.internal.reflect.NativeMethodAccessorImpl.invoke(NativeMethodAccessorImpl.java:62)
	at java.base/jdk.internal.reflect.DelegatingMethodAccessorImpl.invoke(DelegatingMethodAccessorImpl.java:43)
	at java.base/java.lang.reflect.Method.invoke(Method.java:566)
	at Invoke.lambda$createFunc$0(Invoke.java:71)
	at io.ballerina.runtime.internal.scheduling.SchedulerItem.execute(Scheduler.java:597)
	at io.ballerina.runtime.internal.scheduling.Scheduler.run(Scheduler.java:327)
	at io.ballerina.runtime.internal.scheduling.Scheduler.runSafely(Scheduler.java:295)
	at java.base/java.lang.Thread.run(Thread.java:829)
 
[2021-06-21 10:17:22,836] SEVERE {b7a.log.crash} - null 
java.lang.NullPointerException
	at io.ballerina.runtime.internal.types.BUnionType.setFlagsBasedOnMembers(BUnionType.java:235)
	at io.ballerina.runtime.internal.types.BUnionType.setMemberTypes(BUnionType.java:178)
	at io.ballerina.runtime.internal.types.BUnionType.<init>(BUnionType.java:143)
	at ballerina.io.0_6_0-beta_1.$_init.$gen$$0046$0060init$0062(io:1)
	at $_init.$moduleInit(.)
	at java.base/jdk.internal.reflect.NativeMethodAccessorImpl.invoke0(Native Method)
	at java.base/jdk.internal.reflect.NativeMethodAccessorImpl.invoke(NativeMethodAccessorImpl.java:62)
	at java.base/jdk.internal.reflect.DelegatingMethodAccessorImpl.invoke(DelegatingMethodAccessorImpl.java:43)
	at java.base/java.lang.reflect.Method.invoke(Method.java:566)
	at Invoke.lambda$createFunc$0(Invoke.java:69)
	at io.ballerina.runtime.internal.scheduling.SchedulerItem.execute(Scheduler.java:597)
	at io.ballerina.runtime.internal.scheduling.Scheduler.run(Scheduler.java:327)
	at io.ballerina.runtime.internal.scheduling.Scheduler.runSafely(Scheduler.java:295)
	at java.base/java.lang.Thread.run(Thread.java:829)
 
[2021-06-21 10:17:40,154] SEVERE {b7a.log.crash} - null 
java.lang.NullPointerException
	at io.ballerina.runtime.internal.types.BUnionType.setFlagsBasedOnMembers(BUnionType.java:235)
	at io.ballerina.runtime.internal.types.BUnionType.setMemberTypes(BUnionType.java:178)
	at io.ballerina.runtime.internal.types.BUnionType.<init>(BUnionType.java:143)
	at ballerina.io.0_6_0-beta_1.$_init.$gen$$0046$0060init$0062(io:1)
	at $_init.$moduleInit(.)
	at java.base/jdk.internal.reflect.NativeMethodAccessorImpl.invoke0(Native Method)
	at java.base/jdk.internal.reflect.NativeMethodAccessorImpl.invoke(NativeMethodAccessorImpl.java:62)
	at java.base/jdk.internal.reflect.DelegatingMethodAccessorImpl.invoke(DelegatingMethodAccessorImpl.java:43)
	at java.base/java.lang.reflect.Method.invoke(Method.java:566)
	at Invoke.lambda$createFunc$0(Invoke.java:71)
	at io.ballerina.runtime.internal.scheduling.SchedulerItem.execute(Scheduler.java:597)
	at io.ballerina.runtime.internal.scheduling.Scheduler.run(Scheduler.java:327)
	at io.ballerina.runtime.internal.scheduling.Scheduler.runSafely(Scheduler.java:295)
	at java.base/java.lang.Thread.run(Thread.java:829)
 
[2021-06-21 10:17:40,186] SEVERE {b7a.log.crash} - null 
java.lang.NullPointerException
	at io.ballerina.runtime.internal.types.BUnionType.setFlagsBasedOnMembers(BUnionType.java:235)
	at io.ballerina.runtime.internal.types.BUnionType.setMemberTypes(BUnionType.java:178)
	at io.ballerina.runtime.internal.types.BUnionType.<init>(BUnionType.java:143)
	at nballerina.compile(nballerina.bal:4)
	at java.base/jdk.internal.reflect.NativeMethodAccessorImpl.invoke0(Native Method)
	at java.base/jdk.internal.reflect.NativeMethodAccessorImpl.invoke(NativeMethodAccessorImpl.java:62)
	at java.base/jdk.internal.reflect.DelegatingMethodAccessorImpl.invoke(DelegatingMethodAccessorImpl.java:43)
	at java.base/java.lang.reflect.Method.invoke(Method.java:566)
	at Invoke.lambda$createFunc$0(Invoke.java:71)
	at io.ballerina.runtime.internal.scheduling.SchedulerItem.execute(Scheduler.java:597)
	at io.ballerina.runtime.internal.scheduling.Scheduler.run(Scheduler.java:327)
	at io.ballerina.runtime.internal.scheduling.Scheduler.runSafely(Scheduler.java:295)
	at java.base/java.lang.Thread.run(Thread.java:829)
 
[2021-06-21 10:20:11,577] SEVERE {b7a.log.crash} - null 
java.lang.NullPointerException
	at io.ballerina.runtime.internal.types.BUnionType.setFlagsBasedOnMembers(BUnionType.java:235)
	at io.ballerina.runtime.internal.types.BUnionType.setMemberTypes(BUnionType.java:178)
	at io.ballerina.runtime.internal.types.BUnionType.<init>(BUnionType.java:143)
	at ballerina.io.0_6_0-beta_1.$_init.$gen$$0046$0060init$0062(io:1)
	at $_init.$moduleInit(.)
	at java.base/jdk.internal.reflect.NativeMethodAccessorImpl.invoke0(Native Method)
	at java.base/jdk.internal.reflect.NativeMethodAccessorImpl.invoke(NativeMethodAccessorImpl.java:62)
	at java.base/jdk.internal.reflect.DelegatingMethodAccessorImpl.invoke(DelegatingMethodAccessorImpl.java:43)
	at java.base/java.lang.reflect.Method.invoke(Method.java:566)
	at Invoke.lambda$createFunc$0(Invoke.java:71)
	at io.ballerina.runtime.internal.scheduling.SchedulerItem.execute(Scheduler.java:597)
	at io.ballerina.runtime.internal.scheduling.Scheduler.run(Scheduler.java:327)
	at io.ballerina.runtime.internal.scheduling.Scheduler.runSafely(Scheduler.java:295)
	at java.base/java.lang.Thread.run(Thread.java:829)
 
[2021-06-21 10:20:11,618] SEVERE {b7a.log.crash} - null 
java.lang.NullPointerException
	at io.ballerina.runtime.internal.types.BUnionType.setFlagsBasedOnMembers(BUnionType.java:235)
	at io.ballerina.runtime.internal.types.BUnionType.setMemberTypes(BUnionType.java:178)
	at io.ballerina.runtime.internal.types.BUnionType.<init>(BUnionType.java:143)
	at nballerina.compile(nballerina.bal:4)
	at java.base/jdk.internal.reflect.NativeMethodAccessorImpl.invoke0(Native Method)
	at java.base/jdk.internal.reflect.NativeMethodAccessorImpl.invoke(NativeMethodAccessorImpl.java:62)
	at java.base/jdk.internal.reflect.DelegatingMethodAccessorImpl.invoke(DelegatingMethodAccessorImpl.java:43)
	at java.base/java.lang.reflect.Method.invoke(Method.java:566)
	at Invoke.lambda$createFunc$0(Invoke.java:71)
	at io.ballerina.runtime.internal.scheduling.SchedulerItem.execute(Scheduler.java:597)
	at io.ballerina.runtime.internal.scheduling.Scheduler.run(Scheduler.java:327)
	at io.ballerina.runtime.internal.scheduling.Scheduler.runSafely(Scheduler.java:295)
	at java.base/java.lang.Thread.run(Thread.java:829)
 
[2021-06-21 10:28:42,220] SEVERE {b7a.log.crash} - null 
java.lang.NullPointerException
	at io.ballerina.runtime.internal.types.BUnionType.setFlagsBasedOnMembers(BUnionType.java:235)
	at io.ballerina.runtime.internal.types.BUnionType.setMemberTypes(BUnionType.java:178)
	at io.ballerina.runtime.internal.types.BUnionType.<init>(BUnionType.java:143)
	at ballerina.io.0_6_0-beta_1.$_init.$gen$$0046$0060init$0062(io:1)
	at $_init.$moduleInit(.)
	at java.base/jdk.internal.reflect.NativeMethodAccessorImpl.invoke0(Native Method)
	at java.base/jdk.internal.reflect.NativeMethodAccessorImpl.invoke(NativeMethodAccessorImpl.java:62)
	at java.base/jdk.internal.reflect.DelegatingMethodAccessorImpl.invoke(DelegatingMethodAccessorImpl.java:43)
	at java.base/java.lang.reflect.Method.invoke(Method.java:566)
	at Invoke.lambda$createFunc$0(Invoke.java:71)
	at io.ballerina.runtime.internal.scheduling.SchedulerItem.execute(Scheduler.java:597)
	at io.ballerina.runtime.internal.scheduling.Scheduler.run(Scheduler.java:327)
	at io.ballerina.runtime.internal.scheduling.Scheduler.runSafely(Scheduler.java:295)
	at java.base/java.lang.Thread.run(Thread.java:829)
 
[2021-06-21 10:28:42,253] SEVERE {b7a.log.crash} - null 
java.lang.NullPointerException
	at io.ballerina.runtime.internal.types.BUnionType.setFlagsBasedOnMembers(BUnionType.java:235)
	at io.ballerina.runtime.internal.types.BUnionType.setMemberTypes(BUnionType.java:178)
	at io.ballerina.runtime.internal.types.BUnionType.<init>(BUnionType.java:143)
	at nballerina.compile(nballerina.bal:4)
	at java.base/jdk.internal.reflect.NativeMethodAccessorImpl.invoke0(Native Method)
	at java.base/jdk.internal.reflect.NativeMethodAccessorImpl.invoke(NativeMethodAccessorImpl.java:62)
	at java.base/jdk.internal.reflect.DelegatingMethodAccessorImpl.invoke(DelegatingMethodAccessorImpl.java:43)
	at java.base/java.lang.reflect.Method.invoke(Method.java:566)
	at Invoke.lambda$createFunc$0(Invoke.java:71)
	at io.ballerina.runtime.internal.scheduling.SchedulerItem.execute(Scheduler.java:597)
	at io.ballerina.runtime.internal.scheduling.Scheduler.run(Scheduler.java:327)
	at io.ballerina.runtime.internal.scheduling.Scheduler.runSafely(Scheduler.java:295)
	at java.base/java.lang.Thread.run(Thread.java:829)
 
[2021-06-21 10:29:25,627] SEVERE {b7a.log.crash} - null 
java.lang.NullPointerException
	at io.ballerina.runtime.internal.types.BUnionType.setFlagsBasedOnMembers(BUnionType.java:235)
	at io.ballerina.runtime.internal.types.BUnionType.setMemberTypes(BUnionType.java:178)
	at io.ballerina.runtime.internal.types.BUnionType.<init>(BUnionType.java:143)
	at ballerina.io.0_6_0-beta_1.$_init.$gen$$0046$0060init$0062(io:1)
	at $_init.$moduleInit(.)
	at java.base/jdk.internal.reflect.NativeMethodAccessorImpl.invoke0(Native Method)
	at java.base/jdk.internal.reflect.NativeMethodAccessorImpl.invoke(NativeMethodAccessorImpl.java:62)
	at java.base/jdk.internal.reflect.DelegatingMethodAccessorImpl.invoke(DelegatingMethodAccessorImpl.java:43)
	at java.base/java.lang.reflect.Method.invoke(Method.java:566)
	at Invoke.lambda$createFunc$0(Invoke.java:71)
	at io.ballerina.runtime.internal.scheduling.SchedulerItem.execute(Scheduler.java:597)
	at io.ballerina.runtime.internal.scheduling.Scheduler.run(Scheduler.java:327)
	at io.ballerina.runtime.internal.scheduling.Scheduler.runSafely(Scheduler.java:295)
	at java.base/java.lang.Thread.run(Thread.java:829)
 
[2021-06-21 10:29:25,653] SEVERE {b7a.log.crash} - null 
java.lang.NullPointerException
	at io.ballerina.runtime.internal.types.BUnionType.setFlagsBasedOnMembers(BUnionType.java:235)
	at io.ballerina.runtime.internal.types.BUnionType.setMemberTypes(BUnionType.java:178)
	at io.ballerina.runtime.internal.types.BUnionType.<init>(BUnionType.java:143)
	at nballerina.compile(nballerina.bal:4)
	at java.base/jdk.internal.reflect.NativeMethodAccessorImpl.invoke0(Native Method)
	at java.base/jdk.internal.reflect.NativeMethodAccessorImpl.invoke(NativeMethodAccessorImpl.java:62)
	at java.base/jdk.internal.reflect.DelegatingMethodAccessorImpl.invoke(DelegatingMethodAccessorImpl.java:43)
	at java.base/java.lang.reflect.Method.invoke(Method.java:566)
	at Invoke.lambda$createFunc$0(Invoke.java:71)
	at io.ballerina.runtime.internal.scheduling.SchedulerItem.execute(Scheduler.java:597)
	at io.ballerina.runtime.internal.scheduling.Scheduler.run(Scheduler.java:327)
	at io.ballerina.runtime.internal.scheduling.Scheduler.runSafely(Scheduler.java:295)
	at java.base/java.lang.Thread.run(Thread.java:829)
 
